[INFO  - 2021-02-21T05:58:57.619Z] GhostDriver - Main - running on port 55409
[INFO  - 2021-02-21T05:58:58.365Z] Session [e3661d60-7409-11eb-949b-e5d8cf96ba5c] - page.settings - {"XSSAuditingEnabled":false,"javascriptCanCloseWindows":true,"javascriptCanOpenWindows":true,"javascriptEnabled":true,"loadImages":true,"localToRemoteUrlAccessEnabled":false,"userAgent":"Mozilla/5.0 (Macintosh; Intel Mac OS X) AppleWebKit/538.1 (KHTML, like Gecko) PhantomJS/2.1.1 Safari/538.1","webSecurityEnabled":true}
[INFO  - 2021-02-21T05:58:58.366Z] Session [e3661d60-7409-11eb-949b-e5d8cf96ba5c] - page.customHeaders:  - {}
[INFO  - 2021-02-21T05:58:58.366Z] Session [e3661d60-7409-11eb-949b-e5d8cf96ba5c] - Session.negotiatedCapabilities - {"browserName":"phantomjs","version":"2.1.1","driverName":"ghostdriver","driverVersion":"1.2.0","platform":"mac-unknown-64bit","javascriptEnabled":true,"takesScreenshot":true,"handlesAlerts":false,"databaseEnabled":false,"locationContextEnabled":false,"applicationCacheEnabled":false,"browserConnectionEnabled":false,"cssSelectorsEnabled":true,"webStorageEnabled":false,"rotatable":false,"acceptSslCerts":false,"nativeEvents":true,"proxy":{"proxyType":"direct"}}
[INFO  - 2021-02-21T05:58:58.366Z] SessionManagerReqHand - _postNewSessionCommand - New Session Created: e3661d60-7409-11eb-949b-e5d8cf96ba5c
[ERROR - 2021-02-21T05:59:10.138Z] Session [e3661d60-7409-11eb-949b-e5d8cf96ba5c] - page.onError - msg: ReferenceError: Can't find variable: fetch

  phantomjs://platform/console++.js:263 in error
[ERROR - 2021-02-21T05:59:10.139Z] Session [e3661d60-7409-11eb-949b-e5d8cf96ba5c] - page.onError - stack:
  global code (https://rutgers.instructure.com/?login_success=1:250)

  phantomjs://platform/console++.js:263 in error
[ERROR - 2021-02-21T05:59:10.139Z] Session [e3661d60-7409-11eb-949b-e5d8cf96ba5c] - page.onError - msg: ReferenceError: Can't find variable: fetch

  phantomjs://platform/console++.js:263 in error
[ERROR - 2021-02-21T05:59:10.139Z] Session [e3661d60-7409-11eb-949b-e5d8cf96ba5c] - page.onError - stack:
  global code (https://rutgers.instructure.com/?login_success=1:255)

  phantomjs://platform/console++.js:263 in error
[ERROR - 2021-02-21T05:59:10.139Z] Session [e3661d60-7409-11eb-949b-e5d8cf96ba5c] - page.onError - msg: ReferenceError: Can't find variable: fetch

  phantomjs://platform/console++.js:263 in error
[ERROR - 2021-02-21T05:59:10.139Z] Session [e3661d60-7409-11eb-949b-e5d8cf96ba5c] - page.onError - stack:
  global code (https://rutgers.instructure.com/?login_success=1:260)

  phantomjs://platform/console++.js:263 in error
[ERROR - 2021-02-21T05:59:10.139Z] Session [e3661d60-7409-11eb-949b-e5d8cf96ba5c] - page.onError - msg: ReferenceError: Can't find variable: fetch

  phantomjs://platform/console++.js:263 in error
[ERROR - 2021-02-21T05:59:10.139Z] Session [e3661d60-7409-11eb-949b-e5d8cf96ba5c] - page.onError - stack:
  global code (https://rutgers.instructure.com/?login_success=1:265)

  phantomjs://platform/console++.js:263 in error
[ERROR - 2021-02-21T05:59:10.152Z] Session [e3661d60-7409-11eb-949b-e5d8cf96ba5c] - page.onError - msg: TypeError: undefined is not a constructor (evaluating 'Object.assign(
      ENV,
      {}
    )')

  phantomjs://platform/console++.js:263 in error
[ERROR - 2021-02-21T05:59:10.153Z] Session [e3661d60-7409-11eb-949b-e5d8cf96ba5c] - page.onError - stack:
  global code (https://rutgers.instructure.com/?login_success=1:386)

  phantomjs://platform/console++.js:263 in error
[ERROR - 2021-02-21T05:59:12.813Z] Session [e3661d60-7409-11eb-949b-e5d8cf96ba5c] - page.onError - msg: ReferenceError: Can't find variable: fetch

  phantomjs://platform/console++.js:263 in error
[ERROR - 2021-02-21T05:59:12.813Z] Session [e3661d60-7409-11eb-949b-e5d8cf96ba5c] - page.onError - stack:
  global code (https://rutgers.instructure.com/courses/123017/assignments:59)

  phantomjs://platform/console++.js:263 in error
[ERROR - 2021-02-21T05:59:12.816Z] Session [e3661d60-7409-11eb-949b-e5d8cf96ba5c] - page.onError - msg: TypeError: undefined is not a constructor (evaluating 'Object.assign(
      ENV,
      {}
    )')

  phantomjs://platform/console++.js:263 in error
[ERROR - 2021-02-21T05:59:12.816Z] Session [e3661d60-7409-11eb-949b-e5d8cf96ba5c] - page.onError - stack:
  global code (https://rutgers.instructure.com/courses/123017/assignments:302)

  phantomjs://platform/console++.js:263 in error
[ERROR - 2021-02-21T05:59:13.079Z] WebElementLocator - _handleLocateCommand - Element(s) NOT Found: GAVE UP. Search Stop Time: 1613887153059

  phantomjs://platform/console++.js:263 in error
